<?xml version="1.0" encoding="UTF-8"?>
<!-- Generated by org.testng.reporters.JUnitReportReporter -->
<testsuite hostname="DESKTOP-32I52FQ" failures="0" tests="2" name="com.testautomation.TestRunner.TestRunner" time="36.933" errors="0" timestamp="2020-08-26T12:31:54 IST" skipped="0">
  <testcase classname="com.testautomation.TestRunner.TestRunner" name="feature" time="26.726"/>
  <system-out/>
  <testcase classname="com.testautomation.TestRunner.TestRunner" name="feature" time="10.207"/>
  <system-out/>
</testsuite> <!-- com.testautomation.TestRunner.TestRunner -->
